[2020-07-09 15:15:44,860 - __main__ - INFO] - Starting IPSO Phen
[2020-07-09 15:15:49,455 - ui_qt.app - INFO] - Changed theme to: Fusion (dark)
[2020-07-09 15:15:49,655 - ui_qt.app - INFO] - Connected to ipso_local_db_local_samples
[2020-07-09 15:15:50,829 - ui_qt.app - INFO] - Widget initialization: unknown param
[2020-07-09 15:15:50,829 - ui_qt.app - INFO] - Widget initialization: unknown param mosaic_enabled, allowed values None
[2020-07-09 15:15:50,844 - ui_qt.app - INFO] - Widget initialization: unknown param
[2020-07-09 15:15:50,844 - ui_qt.app - INFO] - Widget initialization: unknown param mosaic_images, allowed values None
[2020-07-09 15:15:50,996 - ui_qt.app - INFO] - Widget initialization: unknown param
[2020-07-09 15:15:50,996 - ui_qt.app - INFO] - Widget initialization: unknown param input_source, allowed values None
[2020-07-09 15:15:50,997 - ui_qt.app - INFO] - Widget initialization: unknown param
[2020-07-09 15:15:50,997 - ui_qt.app - INFO] - Widget initialization: unknown param output_mode, allowed values None
[2020-07-09 15:15:51,026 - ui_qt.app - INFO] - Widget initialization: unknown param
[2020-07-09 15:15:51,027 - ui_qt.app - INFO] - Widget initialization: unknown param input_source, allowed values None
[2020-07-09 15:15:51,027 - ui_qt.app - INFO] - Widget initialization: unknown param
[2020-07-09 15:15:51,027 - ui_qt.app - INFO] - Widget initialization: unknown param output_mode, allowed values None
[2020-07-09 15:15:51,053 - ui_qt.app - INFO] - Widget initialization: unknown param
[2020-07-09 15:15:51,053 - ui_qt.app - INFO] - Widget initialization: unknown param input_source, allowed values None
[2020-07-09 15:15:51,058 - ui_qt.app - INFO] - Widget initialization: unknown param
[2020-07-09 15:15:51,058 - ui_qt.app - INFO] - Widget initialization: unknown param output_mode, allowed values None
[2020-07-09 15:15:51,486 - ui_qt.app - INFO] - Settings loaded, ready to play
[2020-07-09 15:15:51,492 - ui_qt.app - INFO] - Method load_settings took 00:00:2.047
[2020-07-09 15:15:51,493 - ui_qt.app - INFO] - Method __init__ took 00:00:4.296
[2020-07-09 15:17:23,667 - ui_qt.app - INFO] - Cleared 0 images
[2020-07-09 15:17:23,679 - ui_qt.app - INFO] - Executing current pipeline, please wait...
[2020-07-09 15:17:23,704 - ui_qt.app - INFO] - Successfully processed ROI manager (deprecated) carter in 00:00:0.007
[2020-07-09 15:17:23,704 - ui_qt.app - INFO] - Successfully processed ROI manager (deprecated) carter in 00:00:0.007
[2020-07-09 15:17:23,721 - base.ipt_loose_pipeline - INFO] - Successfully processed ROI manager (deprecated) carter in 00:00:0.007
[2020-07-09 15:17:31,468 - ui_qt.app - INFO] - Cleared 1 images
[2020-07-09 15:17:31,477 - ui_qt.app - INFO] - Executing current pipeline, please wait...
[2020-07-09 15:17:31,488 - ui_qt.app - INFO] - Successfully processed ROI manager (deprecated) safe_zone in 00:00:0.002
[2020-07-09 15:17:31,489 - ui_qt.app - INFO] - Successfully processed ROI manager (deprecated) safe_zone in 00:00:0.002
[2020-07-09 15:17:31,498 - base.ipt_loose_pipeline - INFO] - Successfully processed ROI manager (deprecated) safe_zone in 00:00:0.002
[2020-07-09 15:17:33,834 - ui_qt.app - INFO] - Cleared 1 images
[2020-07-09 15:17:33,860 - ui_qt.app - INFO] - Executing current pipeline, please wait...
[2020-07-09 15:17:33,873 - ui_qt.app - INFO] - Successfully processed ROI manager (deprecated) pot in 00:00:0.002
[2020-07-09 15:17:33,873 - ui_qt.app - INFO] - Successfully processed ROI manager (deprecated) pot in 00:00:0.002
[2020-07-09 15:17:33,880 - base.ipt_loose_pipeline - INFO] - Successfully processed ROI manager (deprecated) pot in 00:00:0.002
[2020-07-09 15:17:34,559 - ui_qt.app - INFO] - Cleared 1 images
[2020-07-09 15:17:34,559 - ui_qt.app - INFO] - Executing current pipeline, please wait...
[2020-07-09 15:17:34,568 - ui_qt.app - INFO] - Successfully processed ROI manager (deprecated) hose in 00:00:0.001
[2020-07-09 15:17:34,568 - ui_qt.app - INFO] - Successfully processed ROI manager (deprecated) hose in 00:00:0.001
[2020-07-09 15:17:34,568 - base.ipt_loose_pipeline - INFO] - Successfully processed ROI manager (deprecated) hose in 00:00:0.001
[2020-07-09 15:17:35,075 - ui_qt.app - INFO] - Cleared 1 images
[2020-07-09 15:17:35,081 - ui_qt.app - INFO] - Executing current pipeline, please wait...
[2020-07-09 15:17:35,091 - ui_qt.app - INFO] - Successfully processed ROI manager (deprecated) enforcer in 00:00:0.002
[2020-07-09 15:17:35,091 - ui_qt.app - INFO] - Successfully processed ROI manager (deprecated) enforcer in 00:00:0.002
[2020-07-09 15:17:35,097 - base.ipt_loose_pipeline - INFO] - Successfully processed ROI manager (deprecated) enforcer in 00:00:0.002
[2020-07-09 15:17:35,447 - ui_qt.app - INFO] - Cleared 1 images
[2020-07-09 15:17:35,453 - ui_qt.app - INFO] - Executing current pipeline, please wait...
[2020-07-09 15:17:35,459 - ui_qt.app - INFO] - Successfully processed ROIs from raw pre processed image, merge mode: merge_mode_none in 00:00:0.001
[2020-07-09 15:17:35,460 - ui_qt.app - INFO] - Successfully processed ROIs from raw pre processed image, merge mode: merge_mode_none in 00:00:0.001
[2020-07-09 15:17:35,462 - base.ipt_loose_pipeline - INFO] - Successfully processed ROIs from raw pre processed image, merge mode: merge_mode_none in 00:00:0.001
[2020-07-09 15:17:35,773 - ui_qt.app - INFO] - Cleared 1 images
[2020-07-09 15:17:35,781 - ui_qt.app - INFO] - Executing current pipeline, please wait...
[2020-07-09 15:17:35,791 - ui_qt.app - INFO] - Successfully processed ROIs from raw pre processed image, merge mode: merge_mode_none in 00:00:0.001
[2020-07-09 15:17:35,791 - ui_qt.app - INFO] - Successfully processed ROIs from raw pre processed image, merge mode: merge_mode_none in 00:00:0.001
[2020-07-09 15:17:35,794 - base.ipt_loose_pipeline - INFO] - Successfully processed ROIs from raw pre processed image, merge mode: merge_mode_none in 00:00:0.001
[2020-07-09 15:17:36,137 - ui_qt.app - INFO] - Cleared 1 images
[2020-07-09 15:17:36,145 - ui_qt.app - INFO] - Executing current pipeline, please wait...
[2020-07-09 15:17:36,155 - ui_qt.app - INFO] - Successfully processed ROIs from raw pre processed image, merge mode: merge_mode_none in 00:00:0.002
[2020-07-09 15:17:36,155 - ui_qt.app - INFO] - Successfully processed ROIs from raw pre processed image, merge mode: merge_mode_none in 00:00:0.002
[2020-07-09 15:17:36,157 - base.ipt_loose_pipeline - INFO] - Successfully processed ROIs from raw pre processed image, merge mode: merge_mode_none in 00:00:0.002
[2020-07-09 15:17:36,598 - ui_qt.app - INFO] - Cleared 1 images
[2020-07-09 15:17:36,608 - ui_qt.app - INFO] - Executing current pipeline, please wait...
[2020-07-09 15:17:36,615 - ui_qt.app - INFO] - Successfully processed ROIs from raw pre processed image, merge mode: merge_mode_none in 00:00:0.001
[2020-07-09 15:17:36,615 - ui_qt.app - INFO] - Successfully processed ROIs from raw pre processed image, merge mode: merge_mode_none in 00:00:0.001
[2020-07-09 15:17:36,619 - base.ipt_loose_pipeline - INFO] - Successfully processed ROIs from raw pre processed image, merge mode: merge_mode_none in 00:00:0.001
[2020-07-09 15:17:36,938 - ui_qt.app - INFO] - Cleared 1 images
[2020-07-09 15:17:36,954 - ui_qt.app - INFO] - Executing current pipeline, please wait...
[2020-07-09 15:17:36,954 - ui_qt.app - INFO] - Successfully processed ROIs from raw pre processed image, merge mode: merge_mode_none in 00:00:0.001
[2020-07-09 15:17:36,954 - ui_qt.app - INFO] - Successfully processed ROIs from raw pre processed image, merge mode: merge_mode_none in 00:00:0.001
[2020-07-09 15:17:36,954 - base.ipt_loose_pipeline - INFO] - Successfully processed ROIs from raw pre processed image, merge mode: merge_mode_none in 00:00:0.001
[2020-07-09 15:17:37,352 - ui_qt.app - INFO] - Cleared 1 images
[2020-07-09 15:17:37,368 - ui_qt.app - INFO] - Executing current pipeline, please wait...
[2020-07-09 15:17:37,368 - ui_qt.app - INFO] - Successfully processed ROIs from raw pre processed image, merge mode: merge_mode_none in 00:00:0.001
[2020-07-09 15:17:37,368 - ui_qt.app - INFO] - Successfully processed ROIs from raw pre processed image, merge mode: merge_mode_none in 00:00:0.001
[2020-07-09 15:17:37,368 - base.ipt_loose_pipeline - INFO] - Successfully processed ROIs from raw pre processed image, merge mode: merge_mode_none in 00:00:0.001
[2020-07-09 15:17:44,205 - ui_qt.app - INFO] - Cleared 1 images
[2020-07-09 15:17:44,214 - ui_qt.app - INFO] - Executing current pipeline, please wait...
[2020-07-09 15:17:44,225 - ui_qt.app - INFO] - Successfully processed ROIs from raw pre processed image, merge mode: merge_mode_none in 00:00:0.001
[2020-07-09 15:17:44,225 - ui_qt.app - INFO] - Successfully processed ROIs from raw pre processed image, merge mode: merge_mode_none in 00:00:0.001
[2020-07-09 15:17:44,230 - base.ipt_loose_pipeline - INFO] - Successfully processed ROIs from raw pre processed image, merge mode: merge_mode_none in 00:00:0.001
[2020-07-09 15:17:44,706 - ui_qt.app - INFO] - Cleared 1 images
[2020-07-09 15:17:44,722 - ui_qt.app - INFO] - Executing current pipeline, please wait...
[2020-07-09 15:17:44,722 - ui_qt.app - INFO] - Successfully processed ROIs from raw pre processed image, merge mode: merge_mode_none in 00:00:0.001
[2020-07-09 15:17:44,722 - ui_qt.app - INFO] - Successfully processed ROIs from raw pre processed image, merge mode: merge_mode_none in 00:00:0.001
[2020-07-09 15:17:44,738 - base.ipt_loose_pipeline - INFO] - Successfully processed ROIs from raw pre processed image, merge mode: merge_mode_none in 00:00:0.001
[2020-07-09 15:17:45,176 - ui_qt.app - INFO] - Cleared 1 images
[2020-07-09 15:17:45,183 - ui_qt.app - INFO] - Executing current pipeline, please wait...
[2020-07-09 15:17:45,190 - ui_qt.app - INFO] - Successfully processed ROIs from raw pre processed image, merge mode: merge_mode_none in 00:00:0.001
[2020-07-09 15:17:45,190 - ui_qt.app - INFO] - Successfully processed ROIs from raw pre processed image, merge mode: merge_mode_none in 00:00:0.001
[2020-07-09 15:17:45,193 - base.ipt_loose_pipeline - INFO] - Successfully processed ROIs from raw pre processed image, merge mode: merge_mode_none in 00:00:0.001
[2020-07-09 15:17:45,674 - ui_qt.app - INFO] - Cleared 1 images
[2020-07-09 15:17:45,687 - ui_qt.app - INFO] - Executing current pipeline, please wait...
[2020-07-09 15:17:45,699 - ui_qt.app - INFO] - Successfully processed ROIs from raw pre processed image, merge mode: merge_mode_none in 00:00:0.001
[2020-07-09 15:17:45,700 - ui_qt.app - INFO] - Successfully processed ROIs from raw pre processed image, merge mode: merge_mode_none in 00:00:0.001
[2020-07-09 15:17:45,706 - base.ipt_loose_pipeline - INFO] - Successfully processed ROIs from raw pre processed image, merge mode: merge_mode_none in 00:00:0.001
[2020-07-09 15:17:58,012 - ui_qt.app - INFO] - Cleared 1 images
[2020-07-09 15:17:58,024 - ui_qt.app - INFO] - Executing current pipeline, please wait...
[2020-07-09 15:17:58,034 - ui_qt.app - INFO] - Successfully processed ROIs from raw pre processed image, merge mode: merge_mode_none in 00:00:0.002
[2020-07-09 15:17:58,035 - ui_qt.app - INFO] - Successfully processed ROIs from raw pre processed image, merge mode: merge_mode_none in 00:00:0.002
[2020-07-09 15:17:58,037 - base.ipt_loose_pipeline - INFO] - Successfully processed ROIs from raw pre processed image, merge mode: merge_mode_none in 00:00:0.002
[2020-07-09 15:18:18,338 - ui_qt.app - INFO] - Cleared 1 images
[2020-07-09 15:18:18,341 - ui_qt.app - INFO] - Executing current pipeline, please wait...
[2020-07-09 15:21:45,326 - ui_qt.app - INFO] - Successfully processed ROIs from raw pre processed image, merge mode: merge_mode_none in 00:03:1.326
[2020-07-09 15:21:45,326 - ui_qt.app - INFO] - Successfully processed ROIs from raw pre processed image, merge mode: merge_mode_none in 00:03:1.326
[2020-07-09 15:21:45,420 - base.ipt_loose_pipeline - INFO] - Successfully processed ROIs from raw pre processed image, merge mode: merge_mode_none in 00:03:1.326
[2020-07-09 15:22:05,590 - ui_qt.app - INFO] - Cleared 1 images
[2020-07-09 15:22:05,600 - ui_qt.app - INFO] - Executing current pipeline, please wait...
[2020-07-09 15:22:35,035 - ui_qt.app - INFO] - Successfully processed ROIs from raw pre processed image, merge mode: merge_mode_none in 00:00:29.411
[2020-07-09 15:22:35,035 - ui_qt.app - INFO] - Successfully processed ROIs from raw pre processed image, merge mode: merge_mode_none in 00:00:29.411
[2020-07-09 15:22:35,098 - base.ipt_loose_pipeline - INFO] - Successfully processed ROIs from raw pre processed image, merge mode: merge_mode_none in 00:00:29.411
[2020-07-09 15:22:37,035 - ui_qt.app - INFO] - Cleared pipeline cache
[2020-07-09 15:22:38,704 - ui_qt.app - INFO] - Cleared 1 images
[2020-07-09 15:22:38,723 - ui_qt.app - INFO] - Executing current pipeline, please wait...
[2020-07-09 15:23:35,145 - ui_qt.app - INFO] - Successfully processed ROI manager (deprecated) carter in 00:00:0.002
