[2020-07-09 13:32:10,977 - __main__ - INFO] - Starting IPSO Phen
[2020-07-09 13:32:18,171 - ui_qt.app - INFO] - Widget initialization: unknown param mosaic_enabled, allowed values None
[2020-07-09 13:32:18,181 - ui_qt.app - INFO] - Widget initialization: unknown param mosaic_images, allowed values None
[2020-07-09 13:32:18,293 - ui_qt.app - INFO] - Widget initialization: unknown param input_source, allowed values None
[2020-07-09 13:32:18,293 - ui_qt.app - INFO] - Widget initialization: unknown param output_mode, allowed values None
[2020-07-09 13:32:18,309 - ui_qt.app - INFO] - Widget initialization: unknown param input_source, allowed values None
[2020-07-09 13:32:18,320 - ui_qt.app - INFO] - Widget initialization: unknown param output_mode, allowed values None
[2020-07-09 13:32:18,338 - ui_qt.app - INFO] - Widget initialization: unknown param input_source, allowed values None
[2020-07-09 13:32:18,338 - ui_qt.app - INFO] - Widget initialization: unknown param output_mode, allowed values None
[2020-07-09 13:32:18,612 - ui_qt.app - INFO] - <font color="green"><b>TIMING</b></font> Method load_settings took 00:00:1.446
[2020-07-09 13:32:18,613 - ui_qt.app - INFO] - <font color="green"><b>TIMING</b></font> Method __init__ took 00:00:6.548
[2020-07-09 13:32:22,982 - base.ip_abstract - ERROR] - Failed to load C:\Users\fmavianemac\Pictures\ipso_phen_cache\heliasen\18hp01\18HP01U02-CAM11-20180803143005.bmp because error("OpenCV(4.2.0) C:\\projects\\opencv-python\\opencv\\modules\\imgcodecs\\src\\loadsave.cpp:730: error: (-215:Assertion failed) !buf.empty() in function 'cv::imdecode_'\n")
[2020-07-09 13:32:22,982 - ui_qt.app - INFO] - [exp:18hp01][plant:u02][date:2018-08-03 14:30:05][camera:cam11][view_option:default]: [ERROR|]-Failed to load C:\Users\fmavianemac\Pictures\ipso_phen_cache\heliasen\18hp01\18HP01U02-CAM11-20180803143005.bmp because error("OpenCV(4.2.0) C:\\projects\\opencv-python\\opencv\\modules\\imgcodecs\\src\\loadsave.cpp:730: error: (-215:Assertion failed) !buf.empty() in function 'cv::imdecode_'\n")
[2020-07-09 13:32:24,549 - base.ip_abstract - ERROR] - Failed to load C:\Users\fmavianemac\Pictures\ipso_phen_cache\heliasen\18hp01\18HP01U02-CAM11-20180803060253.bmp because error("OpenCV(4.2.0) C:\\projects\\opencv-python\\opencv\\modules\\imgcodecs\\src\\loadsave.cpp:730: error: (-215:Assertion failed) !buf.empty() in function 'cv::imdecode_'\n")
[2020-07-09 13:32:24,550 - ui_qt.app - INFO] - [exp:18hp01][plant:u02][date:2018-08-03 06:02:53][camera:cam11][view_option:default]: [ERROR|]-Failed to load C:\Users\fmavianemac\Pictures\ipso_phen_cache\heliasen\18hp01\18HP01U02-CAM11-20180803060253.bmp because error("OpenCV(4.2.0) C:\\projects\\opencv-python\\opencv\\modules\\imgcodecs\\src\\loadsave.cpp:730: error: (-215:Assertion failed) !buf.empty() in function 'cv::imdecode_'\n")
[2020-07-09 13:32:42,143 - base.ip_abstract - ERROR] - Failed to load C:\Users\fmavianemac\Pictures\ipso_phen_cache\heliasen\18hp01\18HP01U02-CAM11-20180803143005.bmp because error("OpenCV(4.2.0) C:\\projects\\opencv-python\\opencv\\modules\\imgcodecs\\src\\loadsave.cpp:730: error: (-215:Assertion failed) !buf.empty() in function 'cv::imdecode_'\n")
[2020-07-09 13:32:44,736 - ui_qt.app - INFO] - [exp:18hp01][plant:u02][date:2018-08-03 14:30:05][camera:cam11][view_option:default]: [ERROR|]-Failed to load C:\Users\fmavianemac\Pictures\ipso_phen_cache\heliasen\18hp01\18HP01U02-CAM11-20180803143005.bmp because error("OpenCV(4.2.0) C:\\projects\\opencv-python\\opencv\\modules\\imgcodecs\\src\\loadsave.cpp:730: error: (-215:Assertion failed) !buf.empty() in function 'cv::imdecode_'\n")
[2020-07-09 13:33:49,559 - base.ip_abstract - ERROR] - Failed to load C:\Users\fmavianemac\Pictures\ipso_phen_cache\heliasen\18hp01\18HP01U02-CAM11-20180803060253.bmp because error("OpenCV(4.2.0) C:\\projects\\opencv-python\\opencv\\modules\\imgcodecs\\src\\loadsave.cpp:730: error: (-215:Assertion failed) !buf.empty() in function 'cv::imdecode_'\n")
[2020-07-09 13:33:49,561 - ui_qt.app - INFO] - [exp:18hp01][plant:u02][date:2018-08-03 06:02:53][camera:cam11][view_option:default]: [ERROR|]-Failed to load C:\Users\fmavianemac\Pictures\ipso_phen_cache\heliasen\18hp01\18HP01U02-CAM11-20180803060253.bmp because error("OpenCV(4.2.0) C:\\projects\\opencv-python\\opencv\\modules\\imgcodecs\\src\\loadsave.cpp:730: error: (-215:Assertion failed) !buf.empty() in function 'cv::imdecode_'\n")
[2020-07-09 13:33:55,874 - base.ip_abstract - ERROR] - Failed to load C:\Users\fmavianemac\Pictures\ipso_phen_cache\heliasen\18hp01\18HP01U02-CAM11-20180803143005.bmp because error("OpenCV(4.2.0) C:\\projects\\opencv-python\\opencv\\modules\\imgcodecs\\src\\loadsave.cpp:730: error: (-215:Assertion failed) !buf.empty() in function 'cv::imdecode_'\n")
[2020-07-09 13:33:55,876 - ui_qt.app - INFO] - [exp:18hp01][plant:u02][date:2018-08-03 14:30:05][camera:cam11][view_option:default]: [ERROR|]-Failed to load C:\Users\fmavianemac\Pictures\ipso_phen_cache\heliasen\18hp01\18HP01U02-CAM11-20180803143005.bmp because error("OpenCV(4.2.0) C:\\projects\\opencv-python\\opencv\\modules\\imgcodecs\\src\\loadsave.cpp:730: error: (-215:Assertion failed) !buf.empty() in function 'cv::imdecode_'\n")
[2020-07-09 13:34:01,267 - base.ip_abstract - ERROR] - Failed to load C:\Users\fmavianemac\Pictures\ipso_phen_cache\heliasen\18hp01\18HP01U02-CAM11-20180802110418.bmp because error("OpenCV(4.2.0) C:\\projects\\opencv-python\\opencv\\modules\\imgcodecs\\src\\loadsave.cpp:730: error: (-215:Assertion failed) !buf.empty() in function 'cv::imdecode_'\n")
[2020-07-09 13:34:01,268 - ui_qt.app - INFO] - [exp:18hp01][plant:u02][date:2018-08-02 11:04:18][camera:cam11][view_option:default]: [ERROR|]-Failed to load C:\Users\fmavianemac\Pictures\ipso_phen_cache\heliasen\18hp01\18HP01U02-CAM11-20180802110418.bmp because error("OpenCV(4.2.0) C:\\projects\\opencv-python\\opencv\\modules\\imgcodecs\\src\\loadsave.cpp:730: error: (-215:Assertion failed) !buf.empty() in function 'cv::imdecode_'\n")
[2020-07-09 13:34:10,819 - base.ip_abstract - ERROR] - Failed to load C:\Users\fmavianemac\Pictures\ipso_phen_cache\heliasen\18hp01\18HP01U02-CAM11-20180803143005.bmp because error("OpenCV(4.2.0) C:\\projects\\opencv-python\\opencv\\modules\\imgcodecs\\src\\loadsave.cpp:730: error: (-215:Assertion failed) !buf.empty() in function 'cv::imdecode_'\n")
[2020-07-09 13:34:13,287 - ui_qt.app - INFO] - [exp:18hp01][plant:u02][date:2018-08-03 14:30:05][camera:cam11][view_option:default]: [ERROR|]-Failed to load C:\Users\fmavianemac\Pictures\ipso_phen_cache\heliasen\18hp01\18HP01U02-CAM11-20180803143005.bmp because error("OpenCV(4.2.0) C:\\projects\\opencv-python\\opencv\\modules\\imgcodecs\\src\\loadsave.cpp:730: error: (-215:Assertion failed) !buf.empty() in function 'cv::imdecode_'\n")
